# JRE version: OpenJDK Runtime Environment (17.0.6) (build 17.0.6+0-b2043.56-10027231)
# Java VM: OpenJDK 64-Bit Server VM (17.0.6+0-b2043.56-10027231, mixed mode, tiered, compressed oops, compressed class ptrs, g1 gc, windows-amd64)
GC Precious Log:
 CPUs: 4 total, 4 available
 Memory: 16065M
 Large Page Support: Disabled
 NUMA Support: Disabled
 Compressed Oops: Enabled (Zero based)
 Heap Region Size: 2M
 Heap Min Capacity: 8M
 Heap Initial Capacity: 252M
 Heap Max Capacity: 4G
 Pre-touch: Disabled
 Parallel Workers: 4
 Concurrent Workers: 1
 Concurrent Refinement Workers: 4
 Periodic GC: Disabled
Heap:
 garbage-first heap   total 178176K, used 117770K [0x0000000700000000, 0x0000000800000000)
  region size 2048K, 7 young (14336K), 3 survivors (6144K)
 Metaspace       used 98137K, committed 99136K, reserved 1138688K
  class space    used 13440K, committed 13888K, reserved 1048576K
GC Heap History (20 events):
Event: 39.477 GC heap before
{Heap before GC invocations=33 (full 0):
 garbage-first heap   total 116736K, used 94028K [0x0000000700000000, 0x0000000800000000)
  region size 2048K, 15 young (30720K), 2 survivors (4096K)
 Metaspace       used 81920K, committed 82496K, reserved 1122304K
  class space    used 11048K, committed 11264K, reserved 1048576K
}
Event: 39.492 GC heap after
{Heap after GC invocations=34 (full 0):
 garbage-first heap   total 116736K, used 69513K [0x0000000700000000, 0x0000000800000000)
  region size 2048K, 1 young (2048K), 1 survivors (2048K)
 Metaspace       used 81920K, committed 82496K, reserved 1122304K
  class space    used 11048K, committed 11264K, reserved 1048576K
}
Event: 40.791 GC heap before
{Heap before GC invocations=35 (full 0):
 garbage-first heap   total 120832K, used 92041K [0x0000000700000000, 0x0000000800000000)
  region size 2048K, 13 young (26624K), 1 survivors (2048K)
 Metaspace       used 84032K, committed 84672K, reserved 1122304K
  class space    used 11301K, committed 11584K, reserved 1048576K
}
Event: 40.804 GC heap after
{Heap after GC invocations=36 (full 0):
 garbage-first heap   total 120832K, used 70205K [0x0000000700000000, 0x0000000800000000)
  region size 2048K, 2 young (4096K), 2 survivors (4096K)
 Metaspace       used 84032K, committed 84672K, reserved 1122304K
  class space    used 11301K, committed 11584K, reserved 1048576K
}
Event: 41.929 GC heap before
{Heap before GC invocations=36 (full 0):
 garbage-first heap   total 120832K, used 98877K [0x0000000700000000, 0x0000000800000000)
  region size 2048K, 16 young (32768K), 2 survivors (4096K)
 Metaspace       used 85602K, committed 86208K, reserved 1130496K
  class space    used 11522K, committed 11776K, reserved 1048576K
}
Event: 41.937 GC heap after
{Heap after GC invocations=37 (full 0):
 garbage-first heap   total 120832K, used 72575K [0x0000000700000000, 0x0000000800000000)
  region size 2048K, 2 young (4096K), 2 survivors (4096K)
 Metaspace       used 85602K, committed 86208K, reserved 1130496K
  class space    used 11522K, committed 11776K, reserved 1048576K
}
Event: 42.544 GC heap before
{Heap before GC invocations=38 (full 0):
 garbage-first heap   total 133120K, used 97151K [0x0000000700000000, 0x0000000800000000)
  region size 2048K, 14 young (28672K), 2 survivors (4096K)
 Metaspace       used 86004K, committed 86784K, reserved 1130496K
  class space    used 11598K, committed 11968K, reserved 1048576K
}
Event: 42.553 GC heap after
{Heap after GC invocations=39 (full 0):
 garbage-first heap   total 133120K, used 74444K [0x0000000700000000, 0x0000000800000000)
  region size 2048K, 1 young (2048K), 1 survivors (2048K)
 Metaspace       used 86004K, committed 86784K, reserved 1130496K
  class space    used 11598K, committed 11968K, reserved 1048576K
}
Event: 43.388 GC heap before
{Heap before GC invocations=39 (full 0):
 garbage-first heap   total 133120K, used 107212K [0x0000000700000000, 0x0000000800000000)
  region size 2048K, 17 young (34816K), 1 survivors (2048K)
 Metaspace       used 86354K, committed 87104K, reserved 1130496K
  class space    used 11623K, committed 11968K, reserved 1048576K
}
Event: 43.395 GC heap after
{Heap after GC invocations=40 (full 0):
 garbage-first heap   total 176128K, used 75685K [0x0000000700000000, 0x0000000800000000)
  region size 2048K, 2 young (4096K), 2 survivors (4096K)
 Metaspace       used 86354K, committed 87104K, reserved 1130496K
  class space    used 11623K, committed 11968K, reserved 1048576K
}
Event: 45.675 GC heap before
{Heap before GC invocations=41 (full 0):
 garbage-first heap   total 176128K, used 139173K [0x0000000700000000, 0x0000000800000000)
  region size 2048K, 33 young (67584K), 2 survivors (4096K)
 Metaspace       used 89217K, committed 89984K, reserved 1130496K
  class space    used 12000K, committed 12352K, reserved 1048576K
}
Event: 45.688 GC heap after
{Heap after GC invocations=42 (full 0):
 garbage-first heap   total 176128K, used 80942K [0x0000000700000000, 0x0000000800000000)
  region size 2048K, 5 young (10240K), 5 survivors (10240K)
 Metaspace       used 89217K, committed 89984K, reserved 1130496K
  class space    used 12000K, committed 12352K, reserved 1048576K
}
Event: 48.547 GC heap before
{Heap before GC invocations=42 (full 0):
 garbage-first heap   total 176128K, used 138286K [0x0000000700000000, 0x0000000800000000)
  region size 2048K, 33 young (67584K), 5 survivors (10240K)
 Metaspace       used 94251K, committed 95104K, reserved 1138688K
  class space    used 12874K, committed 13248K, reserved 1048576K
}
Event: 48.589 GC heap after
{Heap after GC invocations=43 (full 0):
 garbage-first heap   total 176128K, used 84904K [0x0000000700000000, 0x0000000800000000)
  region size 2048K, 2 young (4096K), 2 survivors (4096K)
 Metaspace       used 94251K, committed 95104K, reserved 1138688K
  class space    used 12874K, committed 13248K, reserved 1048576K
}
Event: 50.973 GC heap before
{Heap before GC invocations=43 (full 0):
 garbage-first heap   total 176128K, used 142248K [0x0000000700000000, 0x0000000800000000)
  region size 2048K, 30 young (61440K), 2 survivors (4096K)
 Metaspace       used 96159K, committed 97024K, reserved 1138688K
  class space    used 13138K, committed 13504K, reserved 1048576K
}
Event: 50.991 GC heap after
{Heap after GC invocations=44 (full 0):
 garbage-first heap   total 176128K, used 90971K [0x0000000700000000, 0x0000000800000000)
  region size 2048K, 4 young (8192K), 4 survivors (8192K)
 Metaspace       used 96159K, committed 97024K, reserved 1138688K
  class space    used 13138K, committed 13504K, reserved 1048576K
}
Event: 52.520 GC heap before
{Heap before GC invocations=45 (full 0):
 garbage-first heap   total 178176K, used 142171K [0x0000000700000000, 0x0000000800000000)
  region size 2048K, 29 young (59392K), 4 survivors (8192K)
 Metaspace       used 97609K, committed 98560K, reserved 1138688K
  class space    used 13367K, committed 13760K, reserved 1048576K
}
Event: 52.552 GC heap after
{Heap after GC invocations=46 (full 0):
 garbage-first heap   total 178176K, used 104136K [0x0000000700000000, 0x0000000800000000)
  region size 2048K, 4 young (8192K), 4 survivors (8192K)
 Metaspace       used 97609K, committed 98560K, reserved 1138688K
  class space    used 13367K, committed 13760K, reserved 1048576K
}
Event: 54.453 GC heap before
{Heap before GC invocations=46 (full 0):
 garbage-first heap   total 178176K, used 143048K [0x0000000700000000, 0x0000000800000000)
  region size 2048K, 24 young (49152K), 4 survivors (8192K)
 Metaspace       used 98044K, committed 99008K, reserved 1138688K
  class space    used 13425K, committed 13824K, reserved 1048576K
}
Event: 54.480 GC heap after
{Heap after GC invocations=47 (full 0):
 garbage-first heap   total 178176K, used 113674K [0x0000000700000000, 0x0000000800000000)
  region size 2048K, 3 young (6144K), 3 survivors (6144K)
 Metaspace       used 98044K, committed 99008K, reserved 1138688K
  class space    used 13425K, committed 13824K, reserved 1048576K
}

