# JRE version: OpenJDK Runtime Environment (17.0.6) (build 17.0.6+0-b2043.56-10027231)
# Java VM: OpenJDK 64-Bit Server VM (17.0.6+0-b2043.56-10027231, mixed mode, tiered, compressed oops, compressed class ptrs, g1 gc, windows-amd64)
GC Precious Log:
 CPUs: 4 total, 4 available
 Memory: 16065M
 Large Page Support: Disabled
 NUMA Support: Disabled
 Compressed Oops: Enabled (Zero based)
 Heap Region Size: 2M
 Heap Min Capacity: 8M
 Heap Initial Capacity: 252M
 Heap Max Capacity: 4G
 Pre-touch: Disabled
 Parallel Workers: 4
 Concurrent Workers: 1
 Concurrent Refinement Workers: 4
 Periodic GC: Disabled
Heap:
 garbage-first heap   total 970752K, used 789504K [0x0000000700000000, 0x0000000800000000)
  region size 2048K, 132 young (270336K), 4 survivors (8192K)
 Metaspace       used 180410K, committed 182464K, reserved 1212416K
  class space    used 23176K, committed 24064K, reserved 1048576K
GC Heap History (20 events):
Event: 1428.065 GC heap before
{Heap before GC invocations=175 (full 0):
 garbage-first heap   total 970752K, used 820028K [0x0000000700000000, 0x0000000800000000)
  region size 2048K, 219 young (448512K), 12 survivors (24576K)
 Metaspace       used 177034K, committed 179072K, reserved 1212416K
  class space    used 22773K, committed 23680K, reserved 1048576K
}
Event: 1428.093 GC heap after
{Heap after GC invocations=176 (full 0):
 garbage-first heap   total 970752K, used 392154K [0x0000000700000000, 0x0000000800000000)
  region size 2048K, 10 young (20480K), 10 survivors (20480K)
 Metaspace       used 177034K, committed 179072K, reserved 1212416K
  class space    used 22773K, committed 23680K, reserved 1048576K
}
Event: 1429.827 GC heap before
{Heap before GC invocations=176 (full 0):
 garbage-first heap   total 970752K, used 828378K [0x0000000700000000, 0x0000000800000000)
  region size 2048K, 224 young (458752K), 10 survivors (20480K)
 Metaspace       used 177042K, committed 179072K, reserved 1212416K
  class space    used 22773K, committed 23680K, reserved 1048576K
}
Event: 1429.873 GC heap after
{Heap after GC invocations=177 (full 0):
 garbage-first heap   total 970752K, used 403198K [0x0000000700000000, 0x0000000800000000)
  region size 2048K, 15 young (30720K), 15 survivors (30720K)
 Metaspace       used 177042K, committed 179072K, reserved 1212416K
  class space    used 22773K, committed 23680K, reserved 1048576K
}
Event: 1432.225 GC heap before
{Heap before GC invocations=177 (full 0):
 garbage-first heap   total 970752K, used 829182K [0x0000000700000000, 0x0000000800000000)
  region size 2048K, 223 young (456704K), 15 survivors (30720K)
 Metaspace       used 177116K, committed 179136K, reserved 1212416K
  class space    used 22773K, committed 23680K, reserved 1048576K
}
Event: 1432.281 GC heap after
{Heap after GC invocations=178 (full 0):
 garbage-first heap   total 970752K, used 405076K [0x0000000700000000, 0x0000000800000000)
  region size 2048K, 13 young (26624K), 13 survivors (26624K)
 Metaspace       used 177116K, committed 179136K, reserved 1212416K
  class space    used 22773K, committed 23680K, reserved 1048576K
}
Event: 1434.721 GC heap before
{Heap before GC invocations=178 (full 0):
 garbage-first heap   total 970752K, used 831060K [0x0000000700000000, 0x0000000800000000)
  region size 2048K, 222 young (454656K), 13 survivors (26624K)
 Metaspace       used 177126K, committed 179136K, reserved 1212416K
  class space    used 22775K, committed 23680K, reserved 1048576K
}
Event: 1434.781 GC heap after
{Heap after GC invocations=179 (full 0):
 garbage-first heap   total 970752K, used 411220K [0x0000000700000000, 0x0000000800000000)
  region size 2048K, 16 young (32768K), 16 survivors (32768K)
 Metaspace       used 177126K, committed 179136K, reserved 1212416K
  class space    used 22775K, committed 23680K, reserved 1048576K
}
Event: 1437.649 GC heap before
{Heap before GC invocations=179 (full 0):
 garbage-first heap   total 970752K, used 835156K [0x0000000700000000, 0x0000000800000000)
  region size 2048K, 223 young (456704K), 16 survivors (32768K)
 Metaspace       used 177147K, committed 179200K, reserved 1212416K
  class space    used 22775K, committed 23680K, reserved 1048576K
}
Event: 1437.703 GC heap after
{Heap after GC invocations=180 (full 0):
 garbage-first heap   total 970752K, used 413118K [0x0000000700000000, 0x0000000800000000)
  region size 2048K, 15 young (30720K), 15 survivors (30720K)
 Metaspace       used 177147K, committed 179200K, reserved 1212416K
  class space    used 22775K, committed 23680K, reserved 1048576K
}
Event: 1448.202 GC heap before
{Heap before GC invocations=180 (full 0):
 garbage-first heap   total 970752K, used 841150K [0x0000000700000000, 0x0000000800000000)
  region size 2048K, 222 young (454656K), 15 survivors (30720K)
 Metaspace       used 177151K, committed 179200K, reserved 1212416K
  class space    used 22775K, committed 23680K, reserved 1048576K
}
Event: 1448.313 GC heap after
{Heap after GC invocations=181 (full 0):
 garbage-first heap   total 970752K, used 400830K [0x0000000700000000, 0x0000000800000000)
  region size 2048K, 9 young (18432K), 9 survivors (18432K)
 Metaspace       used 177151K, committed 179200K, reserved 1212416K
  class space    used 22775K, committed 23680K, reserved 1048576K
}
Event: 1455.962 GC heap before
{Heap before GC invocations=181 (full 0):
 garbage-first heap   total 970752K, used 878014K [0x0000000700000000, 0x0000000800000000)
  region size 2048K, 224 young (458752K), 9 survivors (18432K)
 Metaspace       used 177861K, committed 179840K, reserved 1212416K
  class space    used 22868K, committed 23744K, reserved 1048576K
}
Event: 1456.024 GC heap after
{Heap after GC invocations=182 (full 0):
 garbage-first heap   total 970752K, used 442554K [0x0000000700000000, 0x0000000800000000)
  region size 2048K, 21 young (43008K), 21 survivors (43008K)
 Metaspace       used 177861K, committed 179840K, reserved 1212416K
  class space    used 22868K, committed 23744K, reserved 1048576K
}
Event: 1458.764 GC heap before
{Heap before GC invocations=182 (full 0):
 garbage-first heap   total 970752K, used 815290K [0x0000000700000000, 0x0000000800000000)
  region size 2048K, 203 young (415744K), 21 survivors (43008K)
 Metaspace       used 179081K, committed 181184K, reserved 1212416K
  class space    used 23010K, committed 23936K, reserved 1048576K
}
Event: 1458.974 GC heap after
{Heap after GC invocations=183 (full 0):
 garbage-first heap   total 970752K, used 489447K [0x0000000700000000, 0x0000000800000000)
  region size 2048K, 26 young (53248K), 26 survivors (53248K)
 Metaspace       used 179081K, committed 181184K, reserved 1212416K
  class space    used 23010K, committed 23936K, reserved 1048576K
}
Event: 1460.953 GC heap before
{Heap before GC invocations=183 (full 0):
 garbage-first heap   total 970752K, used 792551K [0x0000000700000000, 0x0000000800000000)
  region size 2048K, 172 young (352256K), 26 survivors (53248K)
 Metaspace       used 179409K, committed 181440K, reserved 1212416K
  class space    used 23046K, committed 23936K, reserved 1048576K
}
Event: 1461.121 GC heap after
{Heap after GC invocations=184 (full 0):
 garbage-first heap   total 970752K, used 512000K [0x0000000700000000, 0x0000000800000000)
  region size 2048K, 11 young (22528K), 11 survivors (22528K)
 Metaspace       used 179409K, committed 181440K, reserved 1212416K
  class space    used 23046K, committed 23936K, reserved 1048576K
}
Event: 1462.619 GC heap before
{Heap before GC invocations=184 (full 0):
 garbage-first heap   total 970752K, used 796672K [0x0000000700000000, 0x0000000800000000)
  region size 2048K, 150 young (307200K), 11 survivors (22528K)
 Metaspace       used 179772K, committed 181760K, reserved 1212416K
  class space    used 23107K, committed 24000K, reserved 1048576K
}
Event: 1462.729 GC heap after
{Heap after GC invocations=185 (full 0):
 garbage-first heap   total 970752K, used 513024K [0x0000000700000000, 0x0000000800000000)
  region size 2048K, 4 young (8192K), 4 survivors (8192K)
 Metaspace       used 179772K, committed 181760K, reserved 1212416K
  class space    used 23107K, committed 24000K, reserved 1048576K
}

